::1 - GET /produtos/ HTTP/1.1 304 - - 83.542 ms
::1 - GET /produtos/ HTTP/1.1 304 - - 10.419 ms
::1 - GET /produtos/5f52cf036d961c18a204e850 HTTP/1.1 200 241 - 22.453 ms
::1 - GET /produtos/5f52cf036d961c18a204e850 HTTP/1.1 304 - - 203.417 ms
::1 - GET /produtos/ HTTP/1.1 304 - - 13.218 ms
::1 - POST /login HTTP/1.1 200 215 - 163.813 ms
::1 - POST /login HTTP/1.1 200 215 - 67.891 ms
::1 - GET /login/valida HTTP/1.1 200 106 - 22.736 ms
::1 - GET /login/valida HTTP/1.1 401 48 - 2.058 ms
::1 - GET /login/valida HTTP/1.1 500 49 - 3.362 ms
::1 - GET /login/valida HTTP/1.1 200 106 - 7.742 ms
::1 - POST /login HTTP/1.1 200 215 - 45.264 ms
::1 - GET /produtos HTTP/1.1 200 1072 - 85.336 ms
::1 - POST /produtos HTTP/1.1 401 48 - 4.662 ms
::1 - POST /produtos HTTP/1.1 200 101 - 47.522 ms
::1 - GET /produtos HTTP/1.1 200 1174 - 15.518 ms
::1 - GET /produtos/popula HTTP/1.1 201 20 - 477.482 ms
::1 - GET /favicon.ico HTTP/1.1 404 150 - 12.379 ms
::1 - GET /produtos/ HTTP/1.1 200 1072 - 101.478 ms
::1 - GET /usuarios/ HTTP/1.1 404 148 - 1.418 ms
::1 - GET /usuarios/ HTTP/1.1 200 2 - 107.928 ms
::1 - GET /produtos HTTP/1.1 200 1072 - 27.109 ms
::1 - GET /usuarios HTTP/1.1 200 2 - 22.267 ms
::1 - POST /usuarios HTTP/1.1 200 139 - 714.706 ms
::1 - GET /usuarios HTTP/1.1 200 141 - 7.631 ms
::1 - POST /login HTTP/1.1 - - - - ms
::1 - POST /login HTTP/1.1 - - - - ms
::1 - POST /login HTTP/1.1 500 52 - 119.068 ms
::1 - POST /login HTTP/1.1 200 215 - 64.710 ms
::1 - POST /login HTTP/1.1 500 53 - 55.850 ms
::1 - POST /login HTTP/1.1 200 215 - 152.021 ms
